TN:
SF:src/index.ts
FN:12,xcn
FN:17,(anonymous_1)
FN:27,(anonymous_2)
FN:34,(anonymous_3)
FN:41,(anonymous_4)
FN:55,(anonymous_5)
FNF:6
FNH:6
FNDA:33,xcn
FNDA:70,(anonymous_1)
FNDA:37,(anonymous_2)
FNDA:35,(anonymous_3)
FNDA:14,(anonymous_4)
FNDA:2,(anonymous_5)
DA:2,1
DA:3,1
DA:4,1
DA:13,33
DA:17,70
DA:27,33
DA:28,37
DA:29,0
DA:30,37
DA:31,37
DA:32,37
DA:34,33
DA:36,35
DA:37,5
DA:40,30
DA:41,14
DA:44,22
DA:46,15
DA:49,7
DA:50,3
DA:51,3
DA:52,2
DA:55,2
DA:60,4
DA:61,5
DA:62,5
DA:63,5
DA:64,4
DA:69,33
DA:70,33
LF:30
LH:29
BRDA:28,0,0,0
BRDA:28,0,1,37
BRDA:28,1,0,37
BRDA:28,1,1,37
BRDA:31,2,0,37
BRDA:31,2,1,0
BRDA:36,3,0,5
BRDA:36,3,1,30
BRDA:36,4,0,35
BRDA:36,4,1,31
BRDA:40,5,0,8
BRDA:40,5,1,22
BRDA:44,6,0,15
BRDA:44,6,1,7
BRDA:44,7,0,22
BRDA:44,7,1,8
BRDA:49,8,0,3
BRDA:49,8,1,4
BRDA:51,9,0,2
BRDA:51,9,1,1
BRDA:61,10,0,5
BRDA:61,10,1,0
BRDA:63,11,0,4
BRDA:63,11,1,1
BRDA:70,12,0,33
BRDA:70,12,1,7
BRF:26
BRH:23
end_of_record
